# JRE version: Java(TM) SE Runtime Environment (7.0_40-b43) (build 1.7.0_40-b43)
# Java VM: Java HotSpot(TM) Client VM (24.0-b56 mixed mode windows-x86 )
Heap
 def new generation   total 148480K, used 76151K [0x0f010000, 0x19120000, 0x19ab0000)
  eden space 132032K,  57% used [0x0f010000, 0x139a3638, 0x17100000)
  from space 16448K,   4% used [0x18110000, 0x181da6a8, 0x19120000)
  to   space 16448K,   0% used [0x17100000, 0x17100000, 0x18110000)
 tenured generation   total 329764K, used 197856K [0x19ab0000, 0x2dcb9000, 0x2f010000)
   the space 329764K,  59% used [0x19ab0000, 0x25be81e8, 0x25be8200, 0x2dcb9000)
 compacting perm gen  total 20736K, used 20596K [0x2f010000, 0x30450000, 0x33010000)
   the space 20736K,  99% used [0x2f010000, 0x3042d2d0, 0x3042d400, 0x30450000)
GC Heap History (10 events):
Event: 9004.079 GC heap before
{Heap before GC invocations=43 (full 3):
 def new generation   total 148480K, used 132819K [0x0f010000, 0x19120000, 0x19ab0000)
  eden space 132032K, 100% used [0x0f010000, 0x17100000, 0x17100000)
  from space 16448K,   4% used [0x17100000, 0x171c4c28, 0x18110000)
  to   space 16448K,   0% used [0x18110000, 0x18110000, 0x19120000)
 tenured generation   total 329764K, used 197856K [0x19ab0000, 0x2dcb9000, 0x2f010000)
   the space 329764K,  59% used [0x19ab0000, 0x25be81e8, 0x25be8200, 0x2dcb9000)
 compacting perm gen  total 20736K, used 20596K [0x2f010000, 0x30450000, 0x33010000)
   the space 20736K,  99% used [0x2f010000, 0x3042d2d0, 0x3042d400, 0x30450000)
No shared spaces configured.
Event: 9004.084 GC heap after
Heap after GC invocations=44 (full 3):
 def new generation   total 148480K, used 786K [0x0f010000, 0x19120000, 0x19ab0000)
  eden space 132032K,   0% used [0x0f010000, 0x0f010000, 0x17100000)
  from space 16448K,   4% used [0x18110000, 0x181d4b98, 0x19120000)
  to   space 16448K,   0% used [0x17100000, 0x17100000, 0x18110000)
 tenured generation   total 329764K, used 197856K [0x19ab0000, 0x2dcb9000, 0x2f010000)
   the space 329764K,  59% used [0x19ab0000, 0x25be81e8, 0x25be8200, 0x2dcb9000)
 compacting perm gen  total 20736K, used 20596K [0x2f010000, 0x30450000, 0x33010000)
   the space 20736K,  99% used [0x2f010000, 0x3042d2d0, 0x3042d400, 0x30450000)
No shared spaces configured.
}
Event: 9440.303 GC heap before
{Heap before GC invocations=44 (full 3):
 def new generation   total 148480K, used 132299K [0x0f010000, 0x19120000, 0x19ab0000)
  eden space 132032K,  99% used [0x0f010000, 0x1707e1b0, 0x17100000)
  from space 16448K,   4% used [0x18110000, 0x181d4b98, 0x19120000)
  to   space 16448K,   0% used [0x17100000, 0x17100000, 0x18110000)
 tenured generation   total 329764K, used 197856K [0x19ab0000, 0x2dcb9000, 0x2f010000)
   the space 329764K,  59% used [0x19ab0000, 0x25be81e8, 0x25be8200, 0x2dcb9000)
 compacting perm gen  total 20736K, used 20596K [0x2f010000, 0x30450000, 0x33010000)
   the space 20736K,  99% used [0x2f010000, 0x3042d2d0, 0x3042d400, 0x30450000)
No shared spaces configured.
Event: 9440.309 GC heap after
Heap after GC invocations=45 (full 3):
 def new generation   total 148480K, used 1304K [0x0f010000, 0x19120000, 0x19ab0000)
  eden space 132032K,   0% used [0x0f010000, 0x0f010000, 0x17100000)
  from space 16448K,   7% used [0x17100000, 0x17246250, 0x18110000)
  to   space 16448K,   0% used [0x18110000, 0x18110000, 0x19120000)
 tenured generation   total 329764K, used 197856K [0x19ab0000, 0x2dcb9000, 0x2f010000)
   the space 329764K,  59% used [0x19ab0000, 0x25be81e8, 0x25be8200, 0x2dcb9000)
 compacting perm gen  total 20736K, used 20596K [0x2f010000, 0x30450000, 0x33010000)
   the space 20736K,  99% used [0x2f010000, 0x3042d2d0, 0x3042d400, 0x30450000)
No shared spaces configured.
}
Event: 9785.002 GC heap before
{Heap before GC invocations=45 (full 3):
 def new generation   total 148480K, used 133336K [0x0f010000, 0x19120000, 0x19ab0000)
  eden space 132032K, 100% used [0x0f010000, 0x17100000, 0x17100000)
  from space 16448K,   7% used [0x17100000, 0x17246250, 0x18110000)
  to   space 16448K,   0% used [0x18110000, 0x18110000, 0x19120000)
 tenured generation   total 329764K, used 197856K [0x19ab0000, 0x2dcb9000, 0x2f010000)
   the space 329764K,  59% used [0x19ab0000, 0x25be81e8, 0x25be8200, 0x2dcb9000)
 compacting perm gen  total 20736K, used 20596K [0x2f010000, 0x30450000, 0x33010000)
   the space 20736K,  99% used [0x2f010000, 0x3042d2d0, 0x3042d400, 0x30450000)
No shared spaces configured.
Event: 9785.014 GC heap after
Heap after GC invocations=46 (full 3):
 def new generation   total 148480K, used 3679K [0x0f010000, 0x19120000, 0x19ab0000)
  eden space 132032K,   0% used [0x0f010000, 0x0f010000, 0x17100000)
  from space 16448K,  22% used [0x18110000, 0x184a7d08, 0x19120000)
  to   space 16448K,   0% used [0x17100000, 0x17100000, 0x18110000)
 tenured generation   total 329764K, used 197856K [0x19ab0000, 0x2dcb9000, 0x2f010000)
   the space 329764K,  59% used [0x19ab0000, 0x25be81e8, 0x25be8200, 0x2dcb9000)
 compacting perm gen  total 20736K, used 20596K [0x2f010000, 0x30450000, 0x33010000)
   the space 20736K,  99% used [0x2f010000, 0x3042d2d0, 0x3042d400, 0x30450000)
No shared spaces configured.
}
Event: 10182.919 GC heap before
{Heap before GC invocations=46 (full 3):
 def new generation   total 148480K, used 135711K [0x0f010000, 0x19120000, 0x19ab0000)
  eden space 132032K, 100% used [0x0f010000, 0x17100000, 0x17100000)
  from space 16448K,  22% used [0x18110000, 0x184a7d08, 0x19120000)
  to   space 16448K,   0% used [0x17100000, 0x17100000, 0x18110000)
 tenured generation   total 329764K, used 197856K [0x19ab0000, 0x2dcb9000, 0x2f010000)
   the space 329764K,  59% used [0x19ab0000, 0x25be81e8, 0x25be8200, 0x2dcb9000)
 compacting perm gen  total 20736K, used 20596K [0x2f010000, 0x30450000, 0x33010000)
   the space 20736K,  99% used [0x2f010000, 0x3042d2d0, 0x3042d400, 0x30450000)
No shared spaces configured.
Event: 10182.927 GC heap after
Heap after GC invocations=47 (full 3):
 def new generation   total 148480K, used 812K [0x0f010000, 0x19120000, 0x19ab0000)
  eden space 132032K,   0% used [0x0f010000, 0x0f010000, 0x17100000)
  from space 16448K,   4% used [0x17100000, 0x171cb028, 0x18110000)
  to   space 16448K,   0% used [0x18110000, 0x18110000, 0x19120000)
 tenured generation   total 329764K, used 197856K [0x19ab0000, 0x2dcb9000, 0x2f010000)
   the space 329764K,  59% used [0x19ab0000, 0x25be81e8, 0x25be8200, 0x2dcb9000)
 compacting perm gen  total 20736K, used 20596K [0x2f010000, 0x30450000, 0x33010000)
   the space 20736K,  99% used [0x2f010000, 0x3042d2d0, 0x3042d400, 0x30450000)
No shared spaces configured.
}
Event: 10572.247 GC heap before
{Heap before GC invocations=47 (full 3):
 def new generation   total 148480K, used 132844K [0x0f010000, 0x19120000, 0x19ab0000)
  eden space 132032K, 100% used [0x0f010000, 0x17100000, 0x17100000)
  from space 16448K,   4% used [0x17100000, 0x171cb028, 0x18110000)
  to   space 16448K,   0% used [0x18110000, 0x18110000, 0x19120000)
 tenured generation   total 329764K, used 197856K [0x19ab0000, 0x2dcb9000, 0x2f010000)
   the space 329764K,  59% used [0x19ab0000, 0x25be81e8, 0x25be8200, 0x2dcb9000)
 compacting perm gen  total 20736K, used 20596K [0x2f010000, 0x30450000, 0x33010000)
   the space 20736K,  99% used [0x2f010000, 0x3042d2d0, 0x3042d400, 0x30450000)
No shared spaces configured.
Event: 10572.250 GC heap after
Heap after GC invocations=48 (full 3):
 def new generation   total 148480K, used 809K [0x0f010000, 0x19120000, 0x19ab0000)
  eden space 132032K,   0% used [0x0f010000, 0x0f010000, 0x17100000)
  from space 16448K,   4% used [0x18110000, 0x181da6a8, 0x19120000)
  to   space 16448K,   0% used [0x17100000, 0x17100000, 0x18110000)
 tenured generation   total 329764K, used 197856K [0x19ab0000, 0x2dcb9000, 0x2f010000)
   the space 329764K,  59% used [0x19ab0000, 0x25be81e8, 0x25be8200, 0x2dcb9000)
 compacting perm gen  total 20736K, used 20596K [0x2f010000, 0x30450000, 0x33010000)
   the space 20736K,  99% used [0x2f010000, 0x3042d2d0, 0x3042d400, 0x30450000)
No shared spaces configured.
}

